<?xml version="1.0" encoding="UTF-8"?>
<testng-results ignored="0" total="1" passed="1" failed="0" skipped="0">
  <reporter-output>
  </reporter-output>
  <suite started-at="2021-11-14T13:00:42 EST" name="Surefire suite" finished-at="2021-11-14T13:00:42 EST" duration-ms="30">
    <groups>
    </groups>
    <test started-at="2021-11-14T13:00:42 EST" name="Surefire test" finished-at="2021-11-14T13:00:42 EST" duration-ms="30">
      <class name="tests.AppTest">
        <test-method signature="shouldAnswerWithTrue()" started-at="2021-11-14T13:00:42 EST" name="shouldAnswerWithTrue" finished-at="2021-11-14T13:00:42 EST" duration-ms="6" status="PASS">
          <reporter-output>
          </reporter-output>
        </test-method> <!-- shouldAnswerWithTrue -->
      </class> <!-- tests.AppTest -->
    </test> <!-- Surefire test -->
  </suite> <!-- Surefire suite -->
</testng-results>
