-------------------------------------------------------------------------------
Test set: TestSuite
-------------------------------------------------------------------------------
Tests run: 12, Failures: 1, Errors: 0, Skipped: 1, Time elapsed: 1.998 s <<< FAILURE! - in TestSuite
edituser(tests.Testing3)  Time elapsed: 0.006 s  <<< FAILURE!
java.lang.AssertionError: 
The following asserts failed:
	Verifying Element expected [true] but found [false]
	at tests.Testing3.edituser(Testing3.java:24)

